Arguments: 
  /usr/local/Cellar/node/9.3.0_1/bin/node /usr/local/bin/yarn install

PATH: 
  /Users/apple/.rvm/gems/ruby-2.3.1/bin:/Users/apple/.rvm/gems/ruby-2.3.1@global/bin:/Users/apple/.rvm/rubies/ruby-2.3.1/bin:/bin:/Users/apple/.composer/vendor/bin:/usr/local/bin:/usr/bin:/bin:/usr/sbin:/sbin:/opt/X11/bin:/Applications/Wireshark.app/Contents/MacOS:/Users/apple/.rvm/bin

Yarn version: 
  1.5.1

Node version: 
  9.3.0

Platform: 
  darwin x64

npm manifest: 
  {
    "name": "tron-messageboard",
    "version": "0.1.0",
    "homepage": "./",
    "private": true,
    "dependencies": {
      "moment": "^2.22.2",
      "node-sass": "^4.9.3",
      "react": "^16.5.2",
      "react-custom-scrollbars": "^4.2.1",
      "react-dom": "^16.5.2",
      "react-scripts": "2.0.4",
      "sweetalert2": "^7.28.4",
      "tronweb": "^2.0.30"
    },
    "scripts": {
      "start": "react-scripts start",
      "build": "react-scripts build && npx rimraf docs && npx move-cli build docs",
      "test": "react-scripts test",
      "eject": "react-scripts eject"
    },
    "eslintConfig": {
      "extends": "react-app"
    },
    "browserslist": [
      ">0.2%",
      "not dead",
      "not ie <= 11",
      "not op_mini all"
    ],
    "devDependencies": {
      "babel-cli": "^6.26.0",
      "babel-polyfill": "^6.26.0",
      "babel-register": "^6.26.0",
      "move-cli": "^1.2.0",
      "rimraf": "^2.6.2",
      "solc": "^0.4.25"
    }
  }

yarn manifest: 
  No manifest

Lockfile: 
  No lockfile

Trace: 
  Error: Found incompatible module
      at new MessageError (/usr/local/lib/node_modules/yarn/lib/cli.js:186:110)
      at checkOne (/usr/local/lib/node_modules/yarn/lib/cli.js:62444:11)
      at Object.check (/usr/local/lib/node_modules/yarn/lib/cli.js:62463:5)
      at /usr/local/lib/node_modules/yarn/lib/cli.js:22803:73
      at Generator.next (<anonymous>)
      at step (/usr/local/lib/node_modules/yarn/lib/cli.js:98:30)
      at /usr/local/lib/node_modules/yarn/lib/cli.js:109:13
      at <anonymous>
